2011/09/17 08:36:37 [error] [exception.CHttpException.404] exception 'CHttpException' with message 'Unable to resolve the request "favicon.ico".' in /var/www/yii-1.1.8/framework/web/CWebApplication.php:281
Stack trace:
#0 /var/www/yii-1.1.8/framework/web/CWebApplication.php(136): CWebApplication->runController('favicon.ico')
#1 /var/www/yii-1.1.8/framework/base/CApplication.php(158): CWebApplication->processRequest()
#2 /var/www/swomaha/index.php(13): CApplication->run()
#3 {main} REQUEST_URI=/favicon.ico
2011/09/17 08:36:38 [error] [exception.CHttpException.404] exception 'CHttpException' with message 'Unable to resolve the request "favicon.ico".' in /var/www/yii-1.1.8/framework/web/CWebApplication.php:281
Stack trace:
#0 /var/www/yii-1.1.8/framework/web/CWebApplication.php(136): CWebApplication->runController('favicon.ico')
#1 /var/www/yii-1.1.8/framework/base/CApplication.php(158): CWebApplication->processRequest()
#2 /var/www/swomaha/index.php(13): CApplication->run()
#3 {main} REQUEST_URI=/favicon.ico
2011/09/17 08:36:39 [error] [exception.CHttpException.404] exception 'CHttpException' with message 'Unable to resolve the request "favicon.ico".' in /var/www/yii-1.1.8/framework/web/CWebApplication.php:281
Stack trace:
#0 /var/www/yii-1.1.8/framework/web/CWebApplication.php(136): CWebApplication->runController('favicon.ico')
#1 /var/www/yii-1.1.8/framework/base/CApplication.php(158): CWebApplication->processRequest()
#2 /var/www/swomaha/index.php(13): CApplication->run()
#3 {main} REQUEST_URI=/favicon.ico
2011/09/17 08:36:40 [error] [exception.CHttpException.404] exception 'CHttpException' with message 'Unable to resolve the request "favicon.ico".' in /var/www/yii-1.1.8/framework/web/CWebApplication.php:281
Stack trace:
#0 /var/www/yii-1.1.8/framework/web/CWebApplication.php(136): CWebApplication->runController('favicon.ico')
#1 /var/www/yii-1.1.8/framework/base/CApplication.php(158): CWebApplication->processRequest()
#2 /var/www/swomaha/index.php(13): CApplication->run()
#3 {main} REQUEST_URI=/favicon.ico
